[2013-03-12 15:05:08] request.ERROR: Uncaught PHP Exception Symfony\Component\HttpKernel\Exception\NotFoundHttpException: "No route found for "GET /"" at /srv/dev.xq.lab/roy/z1/vendor/symfony/symfony/src/Symfony/Component/HttpKernel/EventListener/RouterListener.php line 94 [] []
[2013-03-12 15:07:47] request.ERROR: Uncaught PHP Exception Symfony\Component\HttpKernel\Exception\NotFoundHttpException: "No route found for "GET /"" at /srv/dev.xq.lab/roy/z1/vendor/symfony/symfony/src/Symfony/Component/HttpKernel/EventListener/RouterListener.php line 94 [] []
[2013-03-12 15:09:29] request.ERROR: Uncaught PHP Exception Symfony\Component\HttpKernel\Exception\NotFoundHttpException: "No route found for "GET /"" at /srv/dev.xq.lab/roy/z1/app/cache/prod/classes.php line 3587 [] []
[2013-03-12 15:13:37] request.ERROR: Uncaught PHP Exception Symfony\Component\HttpKernel\Exception\NotFoundHttpException: "No route found for "GET /"" at /srv/dev.xq.lab/roy/z1/app/cache/prod/classes.php line 3587 [] []
[2013-03-12 15:14:07] request.ERROR: Uncaught PHP Exception Symfony\Component\HttpKernel\Exception\NotFoundHttpException: "No route found for "GET /"" at /srv/dev.xq.lab/roy/z1/app/cache/prod/classes.php line 3587 [] []
[2013-03-12 15:14:07] request.ERROR: Uncaught PHP Exception Symfony\Component\HttpKernel\Exception\NotFoundHttpException: "No route found for "GET /"" at /srv/dev.xq.lab/roy/z1/app/cache/prod/classes.php line 3587 [] []
[2013-03-12 15:14:11] request.ERROR: Uncaught PHP Exception Symfony\Component\HttpKernel\Exception\NotFoundHttpException: "No route found for "GET /"" at /srv/dev.xq.lab/roy/z1/app/cache/prod/classes.php line 3587 [] []
[2013-03-12 15:17:01] request.ERROR: Uncaught PHP Exception Symfony\Component\HttpKernel\Exception\NotFoundHttpException: "No route found for "GET /"" at /srv/dev.xq.lab/roy/z1/app/cache/prod/classes.php line 3587 [] []
[2013-03-12 15:17:03] request.ERROR: Uncaught PHP Exception Symfony\Component\HttpKernel\Exception\NotFoundHttpException: "No route found for "GET /"" at /srv/dev.xq.lab/roy/z1/app/cache/prod/classes.php line 3587 [] []
[2013-03-12 15:17:25] request.ERROR: Uncaught PHP Exception Symfony\Component\HttpKernel\Exception\NotFoundHttpException: "No route found for "GET /"" at /srv/dev.xq.lab/roy/z1/vendor/symfony/symfony/src/Symfony/Component/HttpKernel/EventListener/RouterListener.php line 94 [] []
[2013-03-12 15:17:43] request.ERROR: Uncaught PHP Exception Symfony\Component\HttpKernel\Exception\NotFoundHttpException: "No route found for "GET /"" at /srv/dev.xq.lab/roy/z1/vendor/symfony/symfony/src/Symfony/Component/HttpKernel/EventListener/RouterListener.php line 94 [] []
[2013-03-12 15:19:12] request.ERROR: Uncaught PHP Exception Symfony\Component\HttpKernel\Exception\NotFoundHttpException: "No route found for "GET /"" at /srv/dev.xq.lab/roy/z1/app/cache/prod/classes.php line 3587 [] []
[2013-03-12 15:19:13] request.ERROR: Uncaught PHP Exception Symfony\Component\HttpKernel\Exception\NotFoundHttpException: "No route found for "GET /"" at /srv/dev.xq.lab/roy/z1/app/cache/prod/classes.php line 3587 [] []
[2013-03-12 15:19:14] request.ERROR: Uncaught PHP Exception Symfony\Component\HttpKernel\Exception\NotFoundHttpException: "No route found for "GET /"" at /srv/dev.xq.lab/roy/z1/app/cache/prod/classes.php line 3587 [] []
[2013-03-12 15:19:15] request.ERROR: Uncaught PHP Exception Symfony\Component\HttpKernel\Exception\NotFoundHttpException: "No route found for "GET /"" at /srv/dev.xq.lab/roy/z1/app/cache/prod/classes.php line 3587 [] []
[2013-03-12 15:19:15] request.ERROR: Uncaught PHP Exception Symfony\Component\HttpKernel\Exception\NotFoundHttpException: "No route found for "GET /"" at /srv/dev.xq.lab/roy/z1/app/cache/prod/classes.php line 3587 [] []
[2013-03-12 15:19:16] request.ERROR: Uncaught PHP Exception Symfony\Component\HttpKernel\Exception\NotFoundHttpException: "No route found for "GET /"" at /srv/dev.xq.lab/roy/z1/app/cache/prod/classes.php line 3587 [] []
[2013-03-12 15:19:16] request.ERROR: Uncaught PHP Exception Symfony\Component\HttpKernel\Exception\NotFoundHttpException: "No route found for "GET /"" at /srv/dev.xq.lab/roy/z1/app/cache/prod/classes.php line 3587 [] []
[2013-03-12 15:19:16] request.ERROR: Uncaught PHP Exception Symfony\Component\HttpKernel\Exception\NotFoundHttpException: "No route found for "GET /"" at /srv/dev.xq.lab/roy/z1/app/cache/prod/classes.php line 3587 [] []
[2013-03-12 15:19:16] request.ERROR: Uncaught PHP Exception Symfony\Component\HttpKernel\Exception\NotFoundHttpException: "No route found for "GET /"" at /srv/dev.xq.lab/roy/z1/app/cache/prod/classes.php line 3587 [] []
[2013-03-12 15:19:17] request.ERROR: Uncaught PHP Exception Symfony\Component\HttpKernel\Exception\NotFoundHttpException: "No route found for "GET /"" at /srv/dev.xq.lab/roy/z1/app/cache/prod/classes.php line 3587 [] []
[2013-03-12 15:19:32] request.ERROR: Uncaught PHP Exception Symfony\Component\HttpKernel\Exception\NotFoundHttpException: "No route found for "GET /"" at /srv/dev.xq.lab/roy/z1/app/cache/prod/classes.php line 3587 [] []
[2013-03-12 15:21:23] request.ERROR: Uncaught PHP Exception Symfony\Component\HttpKernel\Exception\NotFoundHttpException: "No route found for "GET /"" at /srv/dev.xq.lab/roy/z1/app/cache/prod/classes.php line 3587 [] []
[2013-03-12 15:21:24] request.ERROR: Uncaught PHP Exception Symfony\Component\HttpKernel\Exception\NotFoundHttpException: "No route found for "GET /"" at /srv/dev.xq.lab/roy/z1/app/cache/prod/classes.php line 3587 [] []
[2013-03-12 15:21:25] request.ERROR: Uncaught PHP Exception Symfony\Component\HttpKernel\Exception\NotFoundHttpException: "No route found for "GET /"" at /srv/dev.xq.lab/roy/z1/app/cache/prod/classes.php line 3587 [] []
[2013-03-12 15:21:33] request.ERROR: Uncaught PHP Exception Symfony\Component\HttpKernel\Exception\NotFoundHttpException: "No route found for "GET /"" at /srv/dev.xq.lab/roy/z1/app/cache/prod/classes.php line 3587 [] []
[2013-03-12 15:21:33] request.ERROR: Uncaught PHP Exception Symfony\Component\HttpKernel\Exception\NotFoundHttpException: "No route found for "GET /"" at /srv/dev.xq.lab/roy/z1/app/cache/prod/classes.php line 3587 [] []
[2013-03-12 15:21:38] request.ERROR: Uncaught PHP Exception Symfony\Component\HttpKernel\Exception\NotFoundHttpException: "No route found for "GET /"" at /srv/dev.xq.lab/roy/z1/app/cache/prod/classes.php line 3587 [] []
[2013-03-12 15:21:38] request.ERROR: Uncaught PHP Exception Symfony\Component\HttpKernel\Exception\NotFoundHttpException: "No route found for "GET /"" at /srv/dev.xq.lab/roy/z1/app/cache/prod/classes.php line 3587 [] []
[2013-03-12 15:21:38] request.ERROR: Uncaught PHP Exception Symfony\Component\HttpKernel\Exception\NotFoundHttpException: "No route found for "GET /"" at /srv/dev.xq.lab/roy/z1/app/cache/prod/classes.php line 3587 [] []
[2013-03-12 15:21:39] request.ERROR: Uncaught PHP Exception Symfony\Component\HttpKernel\Exception\NotFoundHttpException: "No route found for "GET /"" at /srv/dev.xq.lab/roy/z1/app/cache/prod/classes.php line 3587 [] []
[2013-03-12 15:21:40] request.ERROR: Uncaught PHP Exception Symfony\Component\HttpKernel\Exception\NotFoundHttpException: "No route found for "GET /"" at /srv/dev.xq.lab/roy/z1/app/cache/prod/classes.php line 3587 [] []
[2013-03-12 15:21:41] request.ERROR: Uncaught PHP Exception Symfony\Component\HttpKernel\Exception\NotFoundHttpException: "No route found for "GET /"" at /srv/dev.xq.lab/roy/z1/app/cache/prod/classes.php line 3587 [] []
[2013-03-12 15:21:42] request.ERROR: Uncaught PHP Exception Symfony\Component\HttpKernel\Exception\NotFoundHttpException: "No route found for "GET /"" at /srv/dev.xq.lab/roy/z1/app/cache/prod/classes.php line 3587 [] []
[2013-03-12 15:21:42] request.ERROR: Uncaught PHP Exception Symfony\Component\HttpKernel\Exception\NotFoundHttpException: "No route found for "GET /"" at /srv/dev.xq.lab/roy/z1/app/cache/prod/classes.php line 3587 [] []
[2013-03-12 15:21:43] request.ERROR: Uncaught PHP Exception Symfony\Component\HttpKernel\Exception\NotFoundHttpException: "No route found for "GET /"" at /srv/dev.xq.lab/roy/z1/app/cache/prod/classes.php line 3587 [] []
[2013-03-12 15:22:20] request.ERROR: Uncaught PHP Exception Symfony\Component\HttpKernel\Exception\NotFoundHttpException: "No route found for "GET /"" at /srv/dev.xq.lab/roy/z1/app/cache/prod/classes.php line 3587 [] []
[2013-03-12 15:22:20] request.ERROR: Uncaught PHP Exception Symfony\Component\HttpKernel\Exception\NotFoundHttpException: "No route found for "GET /"" at /srv/dev.xq.lab/roy/z1/app/cache/prod/classes.php line 3587 [] []
[2013-03-12 15:22:20] request.ERROR: Uncaught PHP Exception Symfony\Component\HttpKernel\Exception\NotFoundHttpException: "No route found for "GET /"" at /srv/dev.xq.lab/roy/z1/app/cache/prod/classes.php line 3587 [] []
[2013-03-12 15:22:37] request.ERROR: Uncaught PHP Exception Symfony\Component\HttpKernel\Exception\NotFoundHttpException: "No route found for "GET /demo/hello/Roy"" at /srv/dev.xq.lab/roy/z1/app/cache/prod/classes.php line 3587 [] []
[2013-03-12 15:22:47] request.ERROR: Uncaught PHP Exception Symfony\Component\HttpKernel\Exception\NotFoundHttpException: "No route found for "GET /demo/hello/Roy"" at /srv/dev.xq.lab/roy/z1/app/cache/prod/classes.php line 3587 [] []
[2013-03-12 15:22:47] request.ERROR: Uncaught PHP Exception Symfony\Component\HttpKernel\Exception\NotFoundHttpException: "No route found for "GET /demo/hello/Roy"" at /srv/dev.xq.lab/roy/z1/app/cache/prod/classes.php line 3587 [] []
[2013-03-12 15:22:47] request.ERROR: Uncaught PHP Exception Symfony\Component\HttpKernel\Exception\NotFoundHttpException: "No route found for "GET /demo/hello/Roy"" at /srv/dev.xq.lab/roy/z1/app/cache/prod/classes.php line 3587 [] []
[2013-03-12 15:22:51] request.ERROR: Uncaught PHP Exception Symfony\Component\HttpKernel\Exception\NotFoundHttpException: "No route found for "GET /demo/hello/Roy"" at /srv/dev.xq.lab/roy/z1/app/cache/prod/classes.php line 3587 [] []
[2013-03-12 15:22:51] request.ERROR: Uncaught PHP Exception Symfony\Component\HttpKernel\Exception\NotFoundHttpException: "No route found for "GET /demo/hello/Roy"" at /srv/dev.xq.lab/roy/z1/app/cache/prod/classes.php line 3587 [] []
[2013-03-12 15:23:45] request.ERROR: Uncaught PHP Exception Symfony\Component\HttpKernel\Exception\NotFoundHttpException: "No route found for "GET /demo/hello/Roy"" at /srv/dev.xq.lab/roy/z1/vendor/symfony/symfony/src/Symfony/Component/HttpKernel/EventListener/RouterListener.php line 94 [] []
[2013-03-12 15:28:18] request.ERROR: Uncaught PHP Exception Symfony\Component\HttpKernel\Exception\NotFoundHttpException: "No route found for "GET /demo/hello/Roy"" at /srv/dev.xq.lab/roy/z1/vendor/symfony/symfony/src/Symfony/Component/HttpKernel/EventListener/RouterListener.php line 94 [] []
[2013-03-12 16:04:27] request.ERROR: Uncaught PHP Exception Symfony\Component\HttpKernel\Exception\NotFoundHttpException: "No route found for "GET /hello/Roy"" at /srv/dev.xq.lab/roy/z1/app/cache/prod/classes.php line 3587 [] []
[2013-03-12 16:04:29] request.ERROR: Uncaught PHP Exception Symfony\Component\HttpKernel\Exception\NotFoundHttpException: "No route found for "GET /hello/Roy"" at /srv/dev.xq.lab/roy/z1/app/cache/prod/classes.php line 3587 [] []
[2013-03-12 16:04:34] request.ERROR: Uncaught PHP Exception Symfony\Component\HttpKernel\Exception\NotFoundHttpException: "No route found for "GET /hello/Roy"" at /srv/dev.xq.lab/roy/z1/app/cache/prod/classes.php line 3587 [] []
[2013-03-12 16:04:37] request.ERROR: Uncaught PHP Exception Symfony\Component\HttpKernel\Exception\NotFoundHttpException: "No route found for "GET /"" at /srv/dev.xq.lab/roy/z1/app/cache/prod/classes.php line 3587 [] []
[2013-03-12 16:06:03] request.ERROR: Uncaught PHP Exception Symfony\Component\HttpKernel\Exception\NotFoundHttpException: "No route found for "GET /"" at /srv/dev.xq.lab/roy/z1/app/cache/prod/classes.php line 3587 [] []
[2013-03-12 16:06:29] request.CRITICAL: Uncaught PHP Exception Symfony\Component\Config\Exception\FileLoaderLoadException: "Cannot load resource "@AcmeDemoBundle/Controller/". Make sure the "AcmeDemoBundle" bundle is correctly registered and loaded in the application kernel class." at /srv/dev.xq.lab/roy/z1/vendor/symfony/symfony/src/Symfony/Component/Config/Loader/Loader.php line 77 [] []
[2013-03-12 16:06:30] request.CRITICAL: Uncaught PHP Exception Symfony\Component\Config\Exception\FileLoaderLoadException: "Cannot load resource "@AcmeDemoBundle/Controller/". Make sure the "AcmeDemoBundle" bundle is correctly registered and loaded in the application kernel class." at /srv/dev.xq.lab/roy/z1/vendor/symfony/symfony/src/Symfony/Component/Config/Loader/Loader.php line 77 [] []
[2013-03-12 16:06:31] request.CRITICAL: Uncaught PHP Exception Symfony\Component\Config\Exception\FileLoaderLoadException: "Cannot load resource "@AcmeDemoBundle/Controller/". Make sure the "AcmeDemoBundle" bundle is correctly registered and loaded in the application kernel class." at /srv/dev.xq.lab/roy/z1/vendor/symfony/symfony/src/Symfony/Component/Config/Loader/Loader.php line 77 [] []
[2013-03-12 16:06:31] request.CRITICAL: Uncaught PHP Exception Symfony\Component\Config\Exception\FileLoaderLoadException: "Cannot load resource "@AcmeDemoBundle/Controller/". Make sure the "AcmeDemoBundle" bundle is correctly registered and loaded in the application kernel class." at /srv/dev.xq.lab/roy/z1/vendor/symfony/symfony/src/Symfony/Component/Config/Loader/Loader.php line 77 [] []
[2013-03-12 16:06:32] request.CRITICAL: Uncaught PHP Exception Symfony\Component\Config\Exception\FileLoaderLoadException: "Cannot load resource "@AcmeDemoBundle/Controller/". Make sure the "AcmeDemoBundle" bundle is correctly registered and loaded in the application kernel class." at /srv/dev.xq.lab/roy/z1/vendor/symfony/symfony/src/Symfony/Component/Config/Loader/Loader.php line 77 [] []
